/*C2*/SET SCHEMA PUBLIC
DISCONNECT
/*C4*/SET SCHEMA PUBLIC
create table Address (id bigint generated by default as identity (start with 1), city varchar(255), state varchar(255), street varchar(255), zip varchar(255), primary key (id))
create table Company (id bigint not null, primary key (id))
create table Company_Office (company_id bigint not null, office_id bigint not null, primary key (company_id, office_id), unique (office_id))
create table Contact (id bigint generated by default as identity (start with 1), name varchar(255), primary key (id))
create table Office (id bigint generated by default as identity (start with 1), name varchar(255), address_id bigint, primary key (id))
create table Person (id bigint not null, address_id bigint, primary key (id))
alter table Company add constraint FK9BDFD45D71C3314 foreign key (id) references Contact
alter table Company_Office add constraint FK7F4320FE7D9D0741 foreign key (office_id) references Office
alter table Company_Office add constraint FK7F4320FED485C673 foreign key (company_id) references Company
alter table Office add constraint FK8C9C2ADCD9EB7F13 foreign key (address_id) references Address
alter table Person add constraint FK8E488775D9EB7F13 foreign key (address_id) references Address
alter table Person add constraint FK8E48877571C3314 foreign key (id) references Contact
/*C6*/SET SCHEMA PUBLIC
INSERT INTO ADDRESS VALUES(1,'trivandrum','Kerala','room number 103,','695011')
INSERT INTO CONTACT VALUES(1,'faisal raza')
INSERT INTO PERSON VALUES(1,1)
COMMIT
/*C3*/SET SCHEMA PUBLIC
INSERT INTO CONTACT VALUES(2,'Cisco')
INSERT INTO COMPANY VALUES(2)
COMMIT
