/*C2*/SET SCHEMA PUBLIC
DISCONNECT
/*C4*/SET SCHEMA PUBLIC
create table Address (id bigint generated by default as identity (start with 1), city varchar(255), state varchar(255), street varchar(255), zip varchar(255), primary key (id))
create table Contact (id bigint generated by default as identity (start with 1), name varchar(255), address_id bigint, primary key (id))
alter table Contact add constraint FK9BEFBC00D9EB7F13 foreign key (address_id) references Address
/*C8*/SET SCHEMA PUBLIC
INSERT INTO ADDRESS VALUES(1,'trivandrum','Kerala','room number 103,','695011')
INSERT INTO CONTACT VALUES(1,'faisal raza',1)
COMMIT
DELETE FROM CONTACT WHERE ID=1
INSERT INTO CONTACT VALUES(1,'faisal raza to faisal',1)
COMMIT
INSERT INTO ADDRESS VALUES(2,'trivandrum','Kerala','room number 103,','695011')
INSERT INTO CONTACT VALUES(2,'faisal ',2)
COMMIT
DELETE FROM CONTACT WHERE ID=2
INSERT INTO CONTACT VALUES(2,'faisal to mf',2)
COMMIT
/*C3*/SET SCHEMA PUBLIC
DISCONNECT
/*C4*/DISCONNECT
/*C5*/SET SCHEMA PUBLIC
DISCONNECT
/*C6*/SET SCHEMA PUBLIC
DISCONNECT
/*C9*/SET SCHEMA PUBLIC
DISCONNECT
/*C10*/SET SCHEMA PUBLIC
DISCONNECT
